
**** Build of configuration Debug for project RoverMotherboard ****

/opt/ti/ccsv6/utils/bin/gmake -k all 
making ../src/sysbios/sysbios.aem4f ...
gmake[1]: Entering directory `/home/mrdtdev/Motherboard/Software/CCS/RoverMotherboard/src/sysbios'
clem4f /opt/ti/tirtos_tivac_2_10_01_38/products/bios_6_41_00_26/packages/ti/sysbios/BIOS.c ...
asmem4f /opt/ti/tirtos_tivac_2_10_01_38/products/bios_6_41_00_26/packages/ti/sysbios/family/arm/m3/Hwi_asm.sv7M ...
asmem4f /opt/ti/tirtos_tivac_2_10_01_38/products/bios_6_41_00_26/packages/ti/sysbios/family/arm/m3/Hwi_asm_switch.sv7M ...
asmem4f /opt/ti/tirtos_tivac_2_10_01_38/products/bios_6_41_00_26/packages/ti/sysbios/family/arm/m3/IntrinsicsSupport_asm.sv7M ...
asmem4f /opt/ti/tirtos_tivac_2_10_01_38/products/bios_6_41_00_26/packages/ti/sysbios/family/arm/m3/TaskSupport_asm.sv7M ...
arem4f BIOS.obj m3_Hwi_asm.obj m3_Hwi_asm_switch.obj m3_IntrinsicsSupport_asm.obj m3_TaskSupport_asm.obj ...
gmake[1]: Leaving directory `/home/mrdtdev/Motherboard/Software/CCS/RoverMotherboard/src/sysbios'
Building file: ../RoverMotherboard.cfg
Invoking: XDCtools
"/opt/ti/xdctools_3_30_03_47_core/xs" --xdcpath="/opt/ti/tirtos_tivac_2_10_01_38/packages;/opt/ti/tirtos_tivac_2_10_01_38/products/bios_6_41_00_26/packages;/opt/ti/tirtos_tivac_2_10_01_38/products/ndk_2_24_01_18/packages;/opt/ti/tirtos_tivac_2_10_01_38/products/uia_2_00_02_39/packages;/opt/ti/ccsv6/ccs_base;" xdc.tools.configuro -o configPkg -t ti.targets.arm.elf.M4F -p ti.platforms.tiva:TM4C1294NCPDT -r release -c "/opt/ti/ccsv6/tools/compiler/arm_5.1.6" --compileOptions "-mv7M4 --code_state=16 --float_support=FPv4SPD16 --abi=eabi -me --include_path=\"/opt/ti/ccsv6/tools/compiler/arm_5.1.6/include\" --include_path=\"/opt/ti/tirtos_tivac_2_10_01_38/products/TivaWare_C_Series-2.1.0.12573c\" --include_path=\"/opt/ti/tirtos_tivac_2_10_01_38/products/ndk_2_24_01_18/packages/ti/ndk/inc/bsd\" -g --gcc --define=ccs=\"ccs\" --define=PART_TM4C1294NCPDT --define=ccs --define=TIVAWARE --display_error_number --diag_warning=225 --diag_wrap=off --gen_func_subsections=on  " "../RoverMotherboard.cfg"
making package.mak (because of package.bld) ...
generating interfaces for package configPkg (because package/package.xdc.inc is older than package.xdc) ...
configuring RoverMotherboard.xem4f from package/cfg/RoverMotherboard_pem4f.cfg ...
generating custom ti.sysbios library makefile ... 
Starting build of library sources ...
making /home/mrdtdev/Motherboard/Software/CCS/RoverMotherboard/src/sysbios/sysbios.aem4f ...
gmake[1]: Entering directory `/home/mrdtdev/Motherboard/Software/CCS/RoverMotherboard/src/sysbios'
gmake[1]: Nothing to be done for `all'.
gmake[1]: Leaving directory `/home/mrdtdev/Motherboard/Software/CCS/RoverMotherboard/src/sysbios'
Build of libraries done.
clem4f package/cfg/RoverMotherboard_pem4f.c ...
Finished building: ../RoverMotherboard.cfg
 
Building file: ../RoverMotherboardMain.c
Invoking: ARM Compiler
"/opt/ti/ccsv6/tools/compiler/arm_5.1.6/bin/armcl" -mv7M4 --code_state=16 --float_support=FPv4SPD16 --abi=eabi -me --include_path="/opt/ti/ccsv6/tools/compiler/arm_5.1.6/include" --include_path="/opt/ti/tirtos_tivac_2_10_01_38/products/TivaWare_C_Series-2.1.0.12573c" --include_path="/opt/ti/tirtos_tivac_2_10_01_38/products/ndk_2_24_01_18/packages/ti/ndk/inc/bsd" -g --gcc --define=ccs="ccs" --define=PART_TM4C1294NCPDT --define=ccs --define=TIVAWARE --display_error_number --diag_warning=225 --diag_wrap=off --gen_func_subsections=on --preproc_with_compile --preproc_dependency="RoverMotherboardMain.pp" --cmd_file="./configPkg/compiler.opt"  "../RoverMotherboardMain.c"
"../RoverMotherboardMain.c", line 89: warning #169-D: argument of type "int" is incompatible with parameter of type "PWM_Handle"
"../RoverMotherboardMain.c", line 89: warning #154-D: conversion of nonzero integer to pointer
"../RoverMotherboardMain.c", line 94: warning #169-D: argument of type "int" is incompatible with parameter of type "PWM_Handle"
"../RoverMotherboardMain.c", line 94: warning #154-D: conversion of nonzero integer to pointer
"../RoverMotherboardMain.c", line 99: warning #169-D: argument of type "int" is incompatible with parameter of type "PWM_Handle"
"../RoverMotherboardMain.c", line 99: warning #154-D: conversion of nonzero integer to pointer
"../RoverMotherboardMain.c", line 104: warning #169-D: argument of type "int" is incompatible with parameter of type "PWM_Handle"
"../RoverMotherboardMain.c", line 104: warning #154-D: conversion of nonzero integer to pointer
"../RoverMotherboardMain.c", line 109: warning #169-D: argument of type "int" is incompatible with parameter of type "PWM_Handle"
"../RoverMotherboardMain.c", line 109: warning #154-D: conversion of nonzero integer to pointer
"../RoverMotherboardMain.c", line 114: warning #169-D: argument of type "int" is incompatible with parameter of type "PWM_Handle"
"../RoverMotherboardMain.c", line 114: warning #154-D: conversion of nonzero integer to pointer
Finished building: ../RoverMotherboardMain.c
 
Building file: ../roveCmdCntrl.c
Invoking: ARM Compiler
"/opt/ti/ccsv6/tools/compiler/arm_5.1.6/bin/armcl" -mv7M4 --code_state=16 --float_support=FPv4SPD16 --abi=eabi -me --include_path="/opt/ti/ccsv6/tools/compiler/arm_5.1.6/include" --include_path="/opt/ti/tirtos_tivac_2_10_01_38/products/TivaWare_C_Series-2.1.0.12573c" --include_path="/opt/ti/tirtos_tivac_2_10_01_38/products/ndk_2_24_01_18/packages/ti/ndk/inc/bsd" -g --gcc --define=ccs="ccs" --define=PART_TM4C1294NCPDT --define=ccs --define=TIVAWARE --display_error_number --diag_warning=225 --diag_wrap=off --gen_func_subsections=on --preproc_with_compile --preproc_dependency="roveCmdCntrl.pp" --cmd_file="./configPkg/compiler.opt"  "../roveCmdCntrl.c"
"../roveCmdCntrl.c", line 65: warning #548-D: transfer of control bypasses initialization of:
            variable "deviceJack" (declared at line 322)
"../roveCmdCntrl.c", line 42: warning #552-D: variable "robotArmCommand" was set but never used
Finished building: ../roveCmdCntrl.c
 
Building file: ../roveComTest.c
Invoking: ARM Compiler
"/opt/ti/ccsv6/tools/compiler/arm_5.1.6/bin/armcl" -mv7M4 --code_state=16 --float_support=FPv4SPD16 --abi=eabi -me --include_path="/opt/ti/ccsv6/tools/compiler/arm_5.1.6/include" --include_path="/opt/ti/tirtos_tivac_2_10_01_38/products/TivaWare_C_Series-2.1.0.12573c" --include_path="/opt/ti/tirtos_tivac_2_10_01_38/products/ndk_2_24_01_18/packages/ti/ndk/inc/bsd" -g --gcc --define=ccs="ccs" --define=PART_TM4C1294NCPDT --define=ccs --define=TIVAWARE --display_error_number --diag_warning=225 --diag_wrap=off --gen_func_subsections=on --preproc_with_compile --preproc_dependency="roveComTest.pp" --cmd_file="./configPkg/compiler.opt"  "../roveComTest.c"
Finished building: ../roveComTest.c
 
Building file: ../roveHardwareTester.c
Invoking: ARM Compiler
"/opt/ti/ccsv6/tools/compiler/arm_5.1.6/bin/armcl" -mv7M4 --code_state=16 --float_support=FPv4SPD16 --abi=eabi -me --include_path="/opt/ti/ccsv6/tools/compiler/arm_5.1.6/include" --include_path="/opt/ti/tirtos_tivac_2_10_01_38/products/TivaWare_C_Series-2.1.0.12573c" --include_path="/opt/ti/tirtos_tivac_2_10_01_38/products/ndk_2_24_01_18/packages/ti/ndk/inc/bsd" -g --gcc --define=ccs="ccs" --define=PART_TM4C1294NCPDT --define=ccs --define=TIVAWARE --display_error_number --diag_warning=225 --diag_wrap=off --gen_func_subsections=on --preproc_with_compile --preproc_dependency="roveHardwareTester.pp" --cmd_file="./configPkg/compiler.opt"  "../roveHardwareTester.c"
"../roveHardwareTester.c", line 15: warning #179-D: variable "j" was declared but never referenced
Finished building: ../roveHardwareTester.c
 
Building file: ../roveMotorControlTester.c
Invoking: ARM Compiler
"/opt/ti/ccsv6/tools/compiler/arm_5.1.6/bin/armcl" -mv7M4 --code_state=16 --float_support=FPv4SPD16 --abi=eabi -me --include_path="/opt/ti/ccsv6/tools/compiler/arm_5.1.6/include" --include_path="/opt/ti/tirtos_tivac_2_10_01_38/products/TivaWare_C_Series-2.1.0.12573c" --include_path="/opt/ti/tirtos_tivac_2_10_01_38/products/ndk_2_24_01_18/packages/ti/ndk/inc/bsd" -g --gcc --define=ccs="ccs" --define=PART_TM4C1294NCPDT --define=ccs --define=TIVAWARE --display_error_number --diag_warning=225 --diag_wrap=off --gen_func_subsections=on --preproc_with_compile --preproc_dependency="roveMotorControlTester.pp" --cmd_file="./configPkg/compiler.opt"  "../roveMotorControlTester.c"
Finished building: ../roveMotorControlTester.c
 
Building file: ../roveTcpHandler.c
Invoking: ARM Compiler
"/opt/ti/ccsv6/tools/compiler/arm_5.1.6/bin/armcl" -mv7M4 --code_state=16 --float_support=FPv4SPD16 --abi=eabi -me --include_path="/opt/ti/ccsv6/tools/compiler/arm_5.1.6/include" --include_path="/opt/ti/tirtos_tivac_2_10_01_38/products/TivaWare_C_Series-2.1.0.12573c" --include_path="/opt/ti/tirtos_tivac_2_10_01_38/products/ndk_2_24_01_18/packages/ti/ndk/inc/bsd" -g --gcc --define=ccs="ccs" --define=PART_TM4C1294NCPDT --define=ccs --define=TIVAWARE --display_error_number --diag_warning=225 --diag_wrap=off --gen_func_subsections=on --preproc_with_compile --preproc_dependency="roveTcpHandler.pp" --cmd_file="./configPkg/compiler.opt"  "../roveTcpHandler.c"
"../roveTcpHandler.c", line 19: warning #225-D: function "TaskSelf" declared implicitly
"../roveTcpHandler.c", line 20: error #68: expected a "}"

>> Compilation failure
"../roveTcpHandler.c", line 21: warning #78-D: this declaration has no storage class or type specifier
"../roveTcpHandler.c", line 21: error #148: declaration is incompatible with "struct NetworkConnection RED_socket" (declared at line 20)
"../roveTcpHandler.c", line 21: error #66: expected a ";"
"../roveTcpHandler.c", line 25: error #80: expected a type specifier
"../roveTcpHandler.c", line 25: warning #78-D: this declaration has no storage class or type specifier
"../roveTcpHandler.c", line 25: error #148: declaration is incompatible with "xdc_Int xdc_runtime_System_printf__E(xdc_CString, ...)" (declared at line 281 of "/opt/ti/xdctools_3_30_03_47_core/packages/xdc/runtime/System.h")
Building file: ../roveTelemCntrl.c
Invoking: ARM Compiler
"/opt/ti/ccsv6/tools/compiler/arm_5.1.6/bin/armcl" -mv7M4 --code_state=16 --float_support=FPv4SPD16 --abi=eabi -me --include_path="/opt/ti/ccsv6/tools/compiler/arm_5.1.6/include" --include_path="/opt/ti/tirtos_tivac_2_10_01_38/products/TivaWare_C_Series-2.1.0.12573c" --include_path="/opt/ti/tirtos_tivac_2_10_01_38/products/ndk_2_24_01_18/packages/ti/ndk/inc/bsd" -g --gcc --define=ccs="ccs" --define=PART_TM4C1294NCPDT --define=ccs --define=TIVAWARE --display_error_number --diag_warning=225 --diag_wrap=off --gen_func_subsections=on --preproc_with_compile --preproc_dependency="roveTelemCntrl.pp" --cmd_file="./configPkg/compiler.opt"  "../roveTelemCntrl.c"
"../roveTcpHandler.c", line 26: error #80: expected a type specifier
"../roveTcpHandler.c", line 26: warning #78-D: this declaration has no storage class or type specifier
"../roveTcpHandler.c", line 27: error #80: expected a type specifier
"../roveTcpHandler.c", line 27: warning #78-D: this declaration has no storage class or type specifier
"../roveTcpHandler.c", line 28: warning #78-D: this declaration has no storage class or type specifier
"../roveTcpHandler.c", line 28: error #148: declaration is incompatible with "void xdc_runtime_System_flush__E(void)" (declared at line 276 of "/opt/ti/xdctools_3_30_03_47_core/packages/xdc/runtime/System.h")
"../roveTcpHandler.c", line 29: error #171: expected a declaration
"../roveTcpHandler.c", line 51: warning #12-D: parsing restarts here after previous syntax error
"../roveTcpHandler.c", line 52: error #171: expected a declaration
"../roveTcpHandler.c", line 54: error #171: expected a declaration
"../roveTcpHandler.c", line 57: warning #12-D: parsing restarts here after previous syntax error
"../roveTcpHandler.c", line 58: error #171: expected a declaration
"../roveTcpHandler.c", line 59: error #171: expected a declaration
"../roveTcpHandler.c", line 61: error #171: expected a declaration
"../roveTcpHandler.c", line 63: error #171: expected a declaration
"../roveTcpHandler.c", line 65: error #171: expected a declaration
"../roveTcpHandler.c", line 66: error #171: expected a declaration
"../roveTcpHandler.c", line 68: error #171: expected a declaration
"../roveTcpHandler.c", line 69: error #171: expected a declaration
"../roveTcpHandler.c", line 76: warning #12-D: parsing restarts here after previous syntax error
"../roveTcpHandler.c", line 77: warning #78-D: this declaration has no storage class or type specifier
"../roveTcpHandler.c", line 79: error #760: variable "RED_socket" is not a type name
"../roveTcpHandler.c", line 79: error #18: expected a ")"
"../roveTcpHandler.c", line 79: warning #78-D: this declaration has no storage class or type specifier
"../roveTcpHandler.c", line 80: error #171: expected a declaration
"../roveTcpHandler.c", line 83: warning #12-D: parsing restarts here after previous syntax error
"../roveTcpHandler.c", line 84: error #80: expected a type specifier
"../roveTcpHandler.c", line 84: warning #78-D: this declaration has no storage class or type specifier
"../roveTcpHandler.c", line 85: warning #78-D: this declaration has no storage class or type specifier
"../roveTcpHandler.c", line 87: warning #78-D: this declaration has no storage class or type specifier
"../roveTcpHandler.c", line 87: error #148: declaration is incompatible with "void ti_sysbios_knl_Task_exit__E(void)" (declared at line 600 of "/opt/ti/tirtos_tivac_2_10_01_38/products/bios_6_41_00_26/packages/ti/sysbios/knl/Task.h")
"../roveTcpHandler.c", line 88: error #171: expected a declaration
"../roveTcpHandler.c", line 174: warning #12-D: parsing restarts here after previous syntax error
"../roveTcpHandler.c", line 175: error #171: expected a declaration
"../roveTcpHandler.c", line 176: error #171: expected a declaration
"../roveTcpHandler.c", line 22: warning #179-D: variable "messageType" was declared but never referenced
27 errors detected in the compilation of "../roveTcpHandler.c".
gmake: *** [roveTcpHandler.obj] Error 1
"../roveTelemCntrl.c", line 31: warning #179-D: variable "FOREVER" was declared but never referenced
Finished building: ../roveTelemCntrl.c
 
Building file: ../roveIncludes/tiHardware/EK_TM4C1294XL.c
Invoking: ARM Compiler
"/opt/ti/ccsv6/tools/compiler/arm_5.1.6/bin/armcl" -mv7M4 --code_state=16 --float_support=FPv4SPD16 --abi=eabi -me --include_path="/opt/ti/ccsv6/tools/compiler/arm_5.1.6/include" --include_path="/opt/ti/tirtos_tivac_2_10_01_38/products/TivaWare_C_Series-2.1.0.12573c" --include_path="/opt/ti/tirtos_tivac_2_10_01_38/products/ndk_2_24_01_18/packages/ti/ndk/inc/bsd" -g --gcc --define=ccs="ccs" --define=PART_TM4C1294NCPDT --define=ccs --define=TIVAWARE --display_error_number --diag_warning=225 --diag_wrap=off --gen_func_subsections=on --preproc_with_compile --preproc_dependency="roveIncludes/tiHardware/EK_TM4C1294XL.pp" --obj_directory="roveIncludes/tiHardware" --cmd_file="./configPkg/compiler.opt"  "../roveIncludes/tiHardware/EK_TM4C1294XL.c"
Finished building: ../roveIncludes/tiHardware/EK_TM4C1294XL.c
 
Building file: ../roveIncludes/roveWareSource/roveHardwareAbstraction.c
Invoking: ARM Compiler
"/opt/ti/ccsv6/tools/compiler/arm_5.1.6/bin/armcl" -mv7M4 --code_state=16 --float_support=FPv4SPD16 --abi=eabi -me --include_path="/opt/ti/ccsv6/tools/compiler/arm_5.1.6/include" --include_path="/opt/ti/tirtos_tivac_2_10_01_38/products/TivaWare_C_Series-2.1.0.12573c" --include_path="/opt/ti/tirtos_tivac_2_10_01_38/products/ndk_2_24_01_18/packages/ti/ndk/inc/bsd" -g --gcc --define=ccs="ccs" --define=PART_TM4C1294NCPDT --define=ccs --define=TIVAWARE --display_error_number --diag_warning=225 --diag_wrap=off --gen_func_subsections=on --preproc_with_compile --preproc_dependency="roveIncludes/roveWareSource/roveHardwareAbstraction.pp" --obj_directory="roveIncludes/roveWareSource" --cmd_file="./configPkg/compiler.opt"  "../roveIncludes/roveWareSource/roveHardwareAbstraction.c"
"../roveIncludes/roveWareSource/roveHardwareAbstraction.c", line 118: warning #169-D: argument of type "PWM_Handle" is incompatible with parameter of type "unsigned int"
"../roveIncludes/roveWareSource/roveHardwareAbstraction.c", line 112: warning #179-D: variable "duty" was declared but never referenced
"../roveIncludes/roveWareSource/roveHardwareAbstraction.c", line 113: warning #179-D: variable "dutyInc" was declared but never referenced
"../roveIncludes/roveWareSource/roveHardwareAbstraction.c", line 304: warning #225-D: function "Uart_read" declared implicitly
Finished building: ../roveIncludes/roveWareSource/roveHardwareAbstraction.c
 
Building file: ../roveIncludes/roveWareSource/roveJson.c
Invoking: ARM Compiler
"/opt/ti/ccsv6/tools/compiler/arm_5.1.6/bin/armcl" -mv7M4 --code_state=16 --float_support=FPv4SPD16 --abi=eabi -me --include_path="/opt/ti/ccsv6/tools/compiler/arm_5.1.6/include" --include_path="/opt/ti/tirtos_tivac_2_10_01_38/products/TivaWare_C_Series-2.1.0.12573c" --include_path="/opt/ti/tirtos_tivac_2_10_01_38/products/ndk_2_24_01_18/packages/ti/ndk/inc/bsd" -g --gcc --define=ccs="ccs" --define=PART_TM4C1294NCPDT --define=ccs --define=TIVAWARE --display_error_number --diag_warning=225 --diag_wrap=off --gen_func_subsections=on --preproc_with_compile --preproc_dependency="roveIncludes/roveWareSource/roveJson.pp" --obj_directory="roveIncludes/roveWareSource" --cmd_file="./configPkg/compiler.opt"  "../roveIncludes/roveWareSource/roveJson.c"
Finished building: ../roveIncludes/roveWareSource/roveJson.c
 
Building file: ../roveIncludes/roveWareSource/roveStructTransfer.c
Invoking: ARM Compiler
"/opt/ti/ccsv6/tools/compiler/arm_5.1.6/bin/armcl" -mv7M4 --code_state=16 --float_support=FPv4SPD16 --abi=eabi -me --include_path="/opt/ti/ccsv6/tools/compiler/arm_5.1.6/include" --include_path="/opt/ti/tirtos_tivac_2_10_01_38/products/TivaWare_C_Series-2.1.0.12573c" --include_path="/opt/ti/tirtos_tivac_2_10_01_38/products/ndk_2_24_01_18/packages/ti/ndk/inc/bsd" -g --gcc --define=ccs="ccs" --define=PART_TM4C1294NCPDT --define=ccs --define=TIVAWARE --display_error_number --diag_warning=225 --diag_wrap=off --gen_func_subsections=on --preproc_with_compile --preproc_dependency="roveIncludes/roveWareSource/roveStructTransfer.pp" --obj_directory="roveIncludes/roveWareSource" --cmd_file="./configPkg/compiler.opt"  "../roveIncludes/roveWareSource/roveStructTransfer.c"
Finished building: ../roveIncludes/roveWareSource/roveStructTransfer.c
 
Building file: ../roveIncludes/roveWareSource/roveStructs.c
Invoking: ARM Compiler
"/opt/ti/ccsv6/tools/compiler/arm_5.1.6/bin/armcl" -mv7M4 --code_state=16 --float_support=FPv4SPD16 --abi=eabi -me --include_path="/opt/ti/ccsv6/tools/compiler/arm_5.1.6/include" --include_path="/opt/ti/tirtos_tivac_2_10_01_38/products/TivaWare_C_Series-2.1.0.12573c" --include_path="/opt/ti/tirtos_tivac_2_10_01_38/products/ndk_2_24_01_18/packages/ti/ndk/inc/bsd" -g --gcc --define=ccs="ccs" --define=PART_TM4C1294NCPDT --define=ccs --define=TIVAWARE --display_error_number --diag_warning=225 --diag_wrap=off --gen_func_subsections=on --preproc_with_compile --preproc_dependency="roveIncludes/roveWareSource/roveStructs.pp" --obj_directory="roveIncludes/roveWareSource" --cmd_file="./configPkg/compiler.opt"  "../roveIncludes/roveWareSource/roveStructs.c"
Finished building: ../roveIncludes/roveWareSource/roveStructs.c
 
Building file: ../roveIncludes/roveWareSource/roveTiming.c
Invoking: ARM Compiler
"/opt/ti/ccsv6/tools/compiler/arm_5.1.6/bin/armcl" -mv7M4 --code_state=16 --float_support=FPv4SPD16 --abi=eabi -me --include_path="/opt/ti/ccsv6/tools/compiler/arm_5.1.6/include" --include_path="/opt/ti/tirtos_tivac_2_10_01_38/products/TivaWare_C_Series-2.1.0.12573c" --include_path="/opt/ti/tirtos_tivac_2_10_01_38/products/ndk_2_24_01_18/packages/ti/ndk/inc/bsd" -g --gcc --define=ccs="ccs" --define=PART_TM4C1294NCPDT --define=ccs --define=TIVAWARE --display_error_number --diag_warning=225 --diag_wrap=off --gen_func_subsections=on --preproc_with_compile --preproc_dependency="roveIncludes/roveWareSource/roveTiming.pp" --obj_directory="roveIncludes/roveWareSource" --cmd_file="./configPkg/compiler.opt"  "../roveIncludes/roveWareSource/roveTiming.c"
"../roveIncludes/roveWareSource/roveTiming.c", line 21: warning #225-D: function "SysCtlDelay" declared implicitly
"../roveIncludes/roveWareSource/roveTiming.c", line 21: warning #225-D: function "SysCtlClockGet" declared implicitly
Finished building: ../roveIncludes/roveWareSource/roveTiming.c
 
Building file: ../roveIncludes/roveWareSource/roveUarts.c
Invoking: ARM Compiler
"/opt/ti/ccsv6/tools/compiler/arm_5.1.6/bin/armcl" -mv7M4 --code_state=16 --float_support=FPv4SPD16 --abi=eabi -me --include_path="/opt/ti/ccsv6/tools/compiler/arm_5.1.6/include" --include_path="/opt/ti/tirtos_tivac_2_10_01_38/products/TivaWare_C_Series-2.1.0.12573c" --include_path="/opt/ti/tirtos_tivac_2_10_01_38/products/ndk_2_24_01_18/packages/ti/ndk/inc/bsd" -g --gcc --define=ccs="ccs" --define=PART_TM4C1294NCPDT --define=ccs --define=TIVAWARE --display_error_number --diag_warning=225 --diag_wrap=off --gen_func_subsections=on --preproc_with_compile --preproc_dependency="roveIncludes/roveWareSource/roveUarts.pp" --obj_directory="roveIncludes/roveWareSource" --cmd_file="./configPkg/compiler.opt"  "../roveIncludes/roveWareSource/roveUarts.c"
Finished building: ../roveIncludes/roveWareSource/roveUarts.c
 
gmake: Target `all' not remade because of errors.

**** Build Finished ****
